{"/Users/guidotapia/Documents/OnTheBench/package/mantine-tailwind-adapter/src/get-mantine-from-tailwind/get-mantine-from-tailwind.ts": {"path":"/Users/guidotapia/Documents/OnTheBench/package/mantine-tailwind-adapter/src/get-mantine-from-tailwind/get-mantine-from-tailwind.ts","all":false,"statementMap":{"14":{"start":{"line":15,"column":0},"end":{"line":15,"column":40}},"15":{"start":{"line":16,"column":0},"end":{"line":16,"column":46}},"16":{"start":{"line":17,"column":0},"end":{"line":17,"column":51}},"17":{"start":{"line":18,"column":0},"end":{"line":18,"column":39}},"22":{"start":{"line":23,"column":0},"end":{"line":23,"column":45}},"23":{"start":{"line":24,"column":0},"end":{"line":24,"column":12}},"24":{"start":{"line":25,"column":0},"end":{"line":25,"column":48}},"25":{"start":{"line":26,"column":0},"end":{"line":26,"column":60}},"26":{"start":{"line":27,"column":0},"end":{"line":27,"column":6}},"27":{"start":{"line":28,"column":0},"end":{"line":28,"column":19}},"28":{"start":{"line":29,"column":0},"end":{"line":29,"column":1}},"30":{"start":{"line":31,"column":0},"end":{"line":31,"column":29}},"31":{"start":{"line":32,"column":0},"end":{"line":32,"column":40}},"34":{"start":{"line":35,"column":0},"end":{"line":35,"column":46}},"37":{"start":{"line":38,"column":0},"end":{"line":38,"column":39}},"42":{"start":{"line":43,"column":0},"end":{"line":43,"column":61}},"43":{"start":{"line":44,"column":0},"end":{"line":44,"column":30}},"44":{"start":{"line":45,"column":0},"end":{"line":45,"column":7}},"45":{"start":{"line":46,"column":0},"end":{"line":46,"column":34}},"46":{"start":{"line":47,"column":0},"end":{"line":47,"column":50}},"47":{"start":{"line":48,"column":0},"end":{"line":48,"column":16}},"48":{"start":{"line":49,"column":0},"end":{"line":49,"column":40}},"49":{"start":{"line":50,"column":0},"end":{"line":50,"column":56}},"50":{"start":{"line":51,"column":0},"end":{"line":51,"column":16}},"51":{"start":{"line":52,"column":0},"end":{"line":52,"column":42}},"52":{"start":{"line":53,"column":0},"end":{"line":53,"column":12}},"53":{"start":{"line":54,"column":0},"end":{"line":54,"column":44}},"54":{"start":{"line":55,"column":0},"end":{"line":55,"column":28}},"55":{"start":{"line":56,"column":0},"end":{"line":56,"column":32}},"56":{"start":{"line":57,"column":0},"end":{"line":57,"column":8}},"57":{"start":{"line":58,"column":0},"end":{"line":58,"column":6}},"58":{"start":{"line":59,"column":0},"end":{"line":59,"column":19}},"59":{"start":{"line":60,"column":0},"end":{"line":60,"column":1}},"61":{"start":{"line":62,"column":0},"end":{"line":62,"column":31}},"62":{"start":{"line":63,"column":0},"end":{"line":63,"column":53}},"63":{"start":{"line":64,"column":0},"end":{"line":64,"column":58}},"64":{"start":{"line":65,"column":0},"end":{"line":65,"column":39}},"69":{"start":{"line":70,"column":0},"end":{"line":70,"column":57}},"70":{"start":{"line":71,"column":0},"end":{"line":71,"column":30}},"71":{"start":{"line":72,"column":0},"end":{"line":72,"column":7}},"72":{"start":{"line":73,"column":0},"end":{"line":73,"column":78}},"73":{"start":{"line":74,"column":0},"end":{"line":74,"column":38}},"74":{"start":{"line":75,"column":0},"end":{"line":75,"column":54}},"75":{"start":{"line":76,"column":0},"end":{"line":76,"column":16}},"76":{"start":{"line":77,"column":0},"end":{"line":77,"column":79}},"77":{"start":{"line":78,"column":0},"end":{"line":78,"column":48}},"78":{"start":{"line":79,"column":0},"end":{"line":79,"column":47}},"80":{"start":{"line":81,"column":0},"end":{"line":81,"column":79}},"82":{"start":{"line":83,"column":0},"end":{"line":83,"column":72}},"84":{"start":{"line":85,"column":0},"end":{"line":85,"column":72}},"86":{"start":{"line":87,"column":0},"end":{"line":87,"column":25}},"87":{"start":{"line":88,"column":0},"end":{"line":88,"column":8}},"88":{"start":{"line":89,"column":0},"end":{"line":89,"column":6}},"89":{"start":{"line":90,"column":0},"end":{"line":90,"column":19}},"90":{"start":{"line":91,"column":0},"end":{"line":91,"column":1}},"92":{"start":{"line":93,"column":0},"end":{"line":93,"column":26}},"93":{"start":{"line":94,"column":0},"end":{"line":94,"column":61}},"94":{"start":{"line":95,"column":0},"end":{"line":95,"column":66}},"95":{"start":{"line":96,"column":0},"end":{"line":96,"column":44}},"100":{"start":{"line":101,"column":0},"end":{"line":101,"column":59}},"102":{"start":{"line":103,"column":0},"end":{"line":103,"column":30}},"103":{"start":{"line":104,"column":0},"end":{"line":104,"column":7}},"104":{"start":{"line":105,"column":0},"end":{"line":105,"column":78}},"105":{"start":{"line":106,"column":0},"end":{"line":106,"column":38}},"106":{"start":{"line":107,"column":0},"end":{"line":107,"column":54}},"107":{"start":{"line":108,"column":0},"end":{"line":108,"column":16}},"108":{"start":{"line":109,"column":0},"end":{"line":109,"column":36}},"109":{"start":{"line":110,"column":0},"end":{"line":110,"column":63}},"117":{"start":{"line":118,"column":0},"end":{"line":118,"column":45}},"118":{"start":{"line":119,"column":0},"end":{"line":119,"column":69}},"119":{"start":{"line":120,"column":0},"end":{"line":120,"column":9}},"125":{"start":{"line":126,"column":0},"end":{"line":126,"column":45}},"126":{"start":{"line":127,"column":0},"end":{"line":127,"column":64}},"128":{"start":{"line":129,"column":0},"end":{"line":129,"column":23}},"129":{"start":{"line":130,"column":0},"end":{"line":130,"column":44}},"130":{"start":{"line":131,"column":0},"end":{"line":131,"column":65}},"131":{"start":{"line":132,"column":0},"end":{"line":132,"column":45}},"132":{"start":{"line":133,"column":0},"end":{"line":133,"column":52}},"133":{"start":{"line":134,"column":0},"end":{"line":134,"column":56}},"134":{"start":{"line":135,"column":0},"end":{"line":135,"column":56}},"135":{"start":{"line":136,"column":0},"end":{"line":136,"column":18}},"136":{"start":{"line":137,"column":0},"end":{"line":137,"column":9}},"138":{"start":{"line":139,"column":0},"end":{"line":139,"column":67}},"139":{"start":{"line":140,"column":0},"end":{"line":140,"column":8}},"140":{"start":{"line":141,"column":0},"end":{"line":141,"column":6}},"141":{"start":{"line":142,"column":0},"end":{"line":142,"column":3}},"142":{"start":{"line":143,"column":0},"end":{"line":143,"column":19}},"143":{"start":{"line":144,"column":0},"end":{"line":144,"column":1}},"145":{"start":{"line":146,"column":0},"end":{"line":146,"column":32}},"146":{"start":{"line":147,"column":0},"end":{"line":147,"column":32}},"147":{"start":{"line":148,"column":0},"end":{"line":148,"column":25}},"148":{"start":{"line":149,"column":0},"end":{"line":149,"column":27}},"149":{"start":{"line":150,"column":0},"end":{"line":150,"column":33}},"150":{"start":{"line":151,"column":0},"end":{"line":151,"column":40}},"151":{"start":{"line":152,"column":0},"end":{"line":152,"column":4}},"153":{"start":{"line":154,"column":0},"end":{"line":154,"column":37}},"154":{"start":{"line":155,"column":0},"end":{"line":155,"column":34}},"155":{"start":{"line":156,"column":0},"end":{"line":156,"column":41}},"156":{"start":{"line":157,"column":0},"end":{"line":157,"column":4}},"158":{"start":{"line":159,"column":0},"end":{"line":159,"column":33}},"159":{"start":{"line":160,"column":0},"end":{"line":160,"column":35}},"160":{"start":{"line":161,"column":0},"end":{"line":161,"column":42}},"161":{"start":{"line":162,"column":0},"end":{"line":162,"column":4}},"163":{"start":{"line":164,"column":0},"end":{"line":164,"column":42}},"164":{"start":{"line":165,"column":0},"end":{"line":165,"column":34}},"165":{"start":{"line":166,"column":0},"end":{"line":166,"column":41}},"166":{"start":{"line":167,"column":0},"end":{"line":167,"column":4}},"167":{"start":{"line":168,"column":0},"end":{"line":168,"column":41}},"168":{"start":{"line":169,"column":0},"end":{"line":169,"column":39}},"169":{"start":{"line":170,"column":0},"end":{"line":170,"column":46}},"170":{"start":{"line":171,"column":0},"end":{"line":171,"column":4}},"171":{"start":{"line":172,"column":0},"end":{"line":172,"column":42}},"172":{"start":{"line":173,"column":0},"end":{"line":173,"column":36}},"173":{"start":{"line":174,"column":0},"end":{"line":174,"column":43}},"174":{"start":{"line":175,"column":0},"end":{"line":175,"column":4}},"175":{"start":{"line":176,"column":0},"end":{"line":176,"column":46}},"176":{"start":{"line":177,"column":0},"end":{"line":177,"column":37}},"177":{"start":{"line":178,"column":0},"end":{"line":178,"column":44}},"178":{"start":{"line":179,"column":0},"end":{"line":179,"column":4}},"180":{"start":{"line":181,"column":0},"end":{"line":181,"column":10}},"181":{"start":{"line":182,"column":0},"end":{"line":182,"column":19}},"182":{"start":{"line":183,"column":0},"end":{"line":183,"column":21}},"183":{"start":{"line":184,"column":0},"end":{"line":184,"column":19}},"184":{"start":{"line":185,"column":0},"end":{"line":185,"column":21}},"185":{"start":{"line":186,"column":0},"end":{"line":186,"column":29}},"186":{"start":{"line":187,"column":0},"end":{"line":187,"column":29}},"187":{"start":{"line":188,"column":0},"end":{"line":188,"column":25}},"198":{"start":{"line":199,"column":0},"end":{"line":199,"column":4}},"199":{"start":{"line":200,"column":0},"end":{"line":200,"column":1}}},"s":{"14":1,"15":1,"16":1,"17":1,"22":1,"23":1,"24":1,"25":1,"26":1,"27":0,"28":0,"30":1,"31":1,"34":1,"37":1,"42":1,"43":1,"44":1,"45":1,"46":1,"47":0,"48":1,"49":1,"50":0,"51":1,"52":11,"53":11,"54":6,"55":5,"56":1,"57":1,"58":0,"59":0,"61":1,"62":1,"63":1,"64":1,"69":1,"70":1,"71":1,"72":1,"73":1,"74":1,"75":0,"76":1,"77":10,"78":10,"80":10,"82":10,"84":6,"86":0,"87":1,"88":1,"89":0,"90":0,"92":1,"93":1,"94":1,"95":1,"100":1,"102":1,"103":1,"104":1,"105":1,"106":1,"107":0,"108":1,"109":22,"117":22,"118":7,"119":7,"125":22,"126":15,"128":15,"129":15,"130":5,"131":10,"132":100,"133":0,"134":100,"135":10,"136":15,"138":22,"139":1,"140":1,"141":1,"142":0,"143":0,"145":1,"146":0,"147":0,"148":0,"149":0,"150":0,"151":0,"153":0,"154":0,"155":0,"156":0,"158":0,"159":0,"160":0,"161":0,"163":0,"164":0,"165":0,"166":0,"167":0,"168":0,"169":0,"170":0,"171":0,"172":0,"173":0,"174":0,"175":0,"176":0,"177":0,"178":0,"180":0,"181":0,"182":0,"183":0,"184":0,"185":0,"186":0,"187":0,"198":0,"199":0},"branchMap":{"0":{"type":"branch","line":15,"loc":{"start":{"line":15,"column":7},"end":{"line":29,"column":1}},"locations":[{"start":{"line":15,"column":7},"end":{"line":29,"column":1}}]},"1":{"type":"branch","line":23,"loc":{"start":{"line":23,"column":6},"end":{"line":23,"column":45}},"locations":[{"start":{"line":23,"column":6},"end":{"line":23,"column":45}}]},"2":{"type":"branch","line":25,"loc":{"start":{"line":25,"column":27},"end":{"line":25,"column":48}},"locations":[{"start":{"line":25,"column":27},"end":{"line":25,"column":48}}]},"3":{"type":"branch","line":26,"loc":{"start":{"line":26,"column":33},"end":{"line":26,"column":60}},"locations":[{"start":{"line":26,"column":33},"end":{"line":26,"column":60}}]},"4":{"type":"branch","line":27,"loc":{"start":{"line":27,"column":4},"end":{"line":29,"column":1}},"locations":[{"start":{"line":27,"column":4},"end":{"line":29,"column":1}}]},"5":{"type":"branch","line":31,"loc":{"start":{"line":31,"column":7},"end":{"line":60,"column":1}},"locations":[{"start":{"line":31,"column":7},"end":{"line":60,"column":1}}]},"6":{"type":"branch","line":43,"loc":{"start":{"line":43,"column":6},"end":{"line":43,"column":61}},"locations":[{"start":{"line":43,"column":6},"end":{"line":43,"column":61}}]},"7":{"type":"branch","line":47,"loc":{"start":{"line":47,"column":49},"end":{"line":48,"column":16}},"locations":[{"start":{"line":47,"column":49},"end":{"line":48,"column":16}}]},"8":{"type":"branch","line":50,"loc":{"start":{"line":50,"column":55},"end":{"line":51,"column":16}},"locations":[{"start":{"line":50,"column":55},"end":{"line":51,"column":16}}]},"9":{"type":"branch","line":58,"loc":{"start":{"line":58,"column":4},"end":{"line":60,"column":1}},"locations":[{"start":{"line":58,"column":4},"end":{"line":60,"column":1}}]},"10":{"type":"branch","line":52,"loc":{"start":{"line":52,"column":12},"end":{"line":57,"column":7}},"locations":[{"start":{"line":52,"column":12},"end":{"line":57,"column":7}}]},"11":{"type":"branch","line":54,"loc":{"start":{"line":54,"column":36},"end":{"line":55,"column":28}},"locations":[{"start":{"line":54,"column":36},"end":{"line":55,"column":28}}]},"12":{"type":"branch","line":55,"loc":{"start":{"line":55,"column":12},"end":{"line":56,"column":32}},"locations":[{"start":{"line":55,"column":12},"end":{"line":56,"column":32}}]},"13":{"type":"branch","line":62,"loc":{"start":{"line":62,"column":7},"end":{"line":91,"column":1}},"locations":[{"start":{"line":62,"column":7},"end":{"line":91,"column":1}}]},"14":{"type":"branch","line":70,"loc":{"start":{"line":70,"column":6},"end":{"line":70,"column":57}},"locations":[{"start":{"line":70,"column":6},"end":{"line":70,"column":57}}]},"15":{"type":"branch","line":73,"loc":{"start":{"line":73,"column":70},"end":{"line":73,"column":78}},"locations":[{"start":{"line":73,"column":70},"end":{"line":73,"column":78}}]},"16":{"type":"branch","line":75,"loc":{"start":{"line":75,"column":53},"end":{"line":76,"column":16}},"locations":[{"start":{"line":75,"column":53},"end":{"line":76,"column":16}}]},"17":{"type":"branch","line":89,"loc":{"start":{"line":89,"column":4},"end":{"line":91,"column":1}},"locations":[{"start":{"line":89,"column":4},"end":{"line":91,"column":1}}]},"18":{"type":"branch","line":77,"loc":{"start":{"line":77,"column":12},"end":{"line":88,"column":7}},"locations":[{"start":{"line":77,"column":12},"end":{"line":88,"column":7}}]},"19":{"type":"branch","line":79,"loc":{"start":{"line":79,"column":10},"end":{"line":79,"column":47}},"locations":[{"start":{"line":79,"column":10},"end":{"line":79,"column":47}}]},"20":{"type":"branch","line":81,"loc":{"start":{"line":81,"column":49},"end":{"line":81,"column":79}},"locations":[{"start":{"line":81,"column":49},"end":{"line":81,"column":79}}]},"21":{"type":"branch","line":83,"loc":{"start":{"line":83,"column":38},"end":{"line":83,"column":72}},"locations":[{"start":{"line":83,"column":38},"end":{"line":83,"column":72}}]},"22":{"type":"branch","line":83,"loc":{"start":{"line":83,"column":70},"end":{"line":85,"column":72}},"locations":[{"start":{"line":83,"column":70},"end":{"line":85,"column":72}}]},"23":{"type":"branch","line":85,"loc":{"start":{"line":85,"column":70},"end":{"line":87,"column":25}},"locations":[{"start":{"line":85,"column":70},"end":{"line":87,"column":25}}]},"24":{"type":"branch","line":93,"loc":{"start":{"line":93,"column":7},"end":{"line":144,"column":1}},"locations":[{"start":{"line":93,"column":7},"end":{"line":144,"column":1}}]},"25":{"type":"branch","line":101,"loc":{"start":{"line":101,"column":6},"end":{"line":101,"column":58}},"locations":[{"start":{"line":101,"column":6},"end":{"line":101,"column":58}}]},"26":{"type":"branch","line":105,"loc":{"start":{"line":105,"column":70},"end":{"line":105,"column":78}},"locations":[{"start":{"line":105,"column":70},"end":{"line":105,"column":78}}]},"27":{"type":"branch","line":107,"loc":{"start":{"line":107,"column":53},"end":{"line":108,"column":16}},"locations":[{"start":{"line":107,"column":53},"end":{"line":108,"column":16}}]},"28":{"type":"branch","line":142,"loc":{"start":{"line":142,"column":2},"end":{"line":144,"column":1}},"locations":[{"start":{"line":142,"column":2},"end":{"line":144,"column":1}}]},"29":{"type":"branch","line":109,"loc":{"start":{"line":109,"column":12},"end":{"line":140,"column":7}},"locations":[{"start":{"line":109,"column":12},"end":{"line":140,"column":7}}]},"30":{"type":"branch","line":118,"loc":{"start":{"line":118,"column":44},"end":{"line":120,"column":9}},"locations":[{"start":{"line":118,"column":44},"end":{"line":120,"column":9}}]},"31":{"type":"branch","line":126,"loc":{"start":{"line":126,"column":44},"end":{"line":137,"column":9}},"locations":[{"start":{"line":126,"column":44},"end":{"line":137,"column":9}}]},"32":{"type":"branch","line":130,"loc":{"start":{"line":130,"column":42},"end":{"line":131,"column":65}},"locations":[{"start":{"line":130,"column":42},"end":{"line":131,"column":65}}]},"33":{"type":"branch","line":131,"loc":{"start":{"line":131,"column":64},"end":{"line":136,"column":18}},"locations":[{"start":{"line":131,"column":64},"end":{"line":136,"column":18}}]},"34":{"type":"branch","line":110,"loc":{"start":{"line":110,"column":53},"end":{"line":110,"column":61}},"locations":[{"start":{"line":110,"column":53},"end":{"line":110,"column":61}}]},"35":{"type":"branch","line":119,"loc":{"start":{"line":119,"column":51},"end":{"line":119,"column":67}},"locations":[{"start":{"line":119,"column":51},"end":{"line":119,"column":67}}]},"36":{"type":"branch","line":131,"loc":{"start":{"line":131,"column":40},"end":{"line":131,"column":64}},"locations":[{"start":{"line":131,"column":40},"end":{"line":131,"column":64}}]},"37":{"type":"branch","line":132,"loc":{"start":{"line":132,"column":32},"end":{"line":135,"column":56}},"locations":[{"start":{"line":132,"column":32},"end":{"line":135,"column":56}}]},"38":{"type":"branch","line":133,"loc":{"start":{"line":133,"column":46},"end":{"line":134,"column":56}},"locations":[{"start":{"line":133,"column":46},"end":{"line":134,"column":56}}]}},"b":{"0":[1],"1":[0],"2":[0],"3":[0],"4":[0],"5":[1],"6":[0],"7":[0],"8":[0],"9":[0],"10":[11],"11":[6],"12":[5],"13":[1],"14":[0],"15":[0],"16":[0],"17":[0],"18":[10],"19":[0],"20":[0],"21":[4],"22":[6],"23":[0],"24":[1],"25":[0],"26":[0],"27":[0],"28":[0],"29":[22],"30":[7],"31":[15],"32":[5],"33":[10],"34":[220],"35":[70],"36":[70],"37":[100],"38":[0]},"fnMap":{"0":{"name":"objectTailwindToMantine","decl":{"start":{"line":15,"column":7},"end":{"line":29,"column":1}},"loc":{"start":{"line":15,"column":7},"end":{"line":29,"column":1}},"line":15},"1":{"name":"getFontSizes","decl":{"start":{"line":31,"column":7},"end":{"line":60,"column":1}},"loc":{"start":{"line":31,"column":7},"end":{"line":60,"column":1}},"line":31},"2":{"name":"getBreakpoints","decl":{"start":{"line":62,"column":7},"end":{"line":91,"column":1}},"loc":{"start":{"line":62,"column":7},"end":{"line":91,"column":1}},"line":62},"3":{"name":"getColors","decl":{"start":{"line":93,"column":7},"end":{"line":144,"column":1}},"loc":{"start":{"line":93,"column":7},"end":{"line":144,"column":1}},"line":93},"4":{"name":"getMantineTheme","decl":{"start":{"line":146,"column":7},"end":{"line":200,"column":1}},"loc":{"start":{"line":146,"column":7},"end":{"line":200,"column":1}},"line":146}},"f":{"0":1,"1":1,"2":1,"3":1,"4":0}}
,"/Users/guidotapia/Documents/OnTheBench/package/mantine-tailwind-adapter/src/get-mantine-from-tailwind/tailwind-config.mocked.ts": {"path":"/Users/guidotapia/Documents/OnTheBench/package/mantine-tailwind-adapter/src/get-mantine-from-tailwind/tailwind-config.mocked.ts","all":false,"statementMap":{"0":{"start":{"line":1,"column":0},"end":{"line":1,"column":42}},"15":{"start":{"line":16,"column":0},"end":{"line":16,"column":31}},"17":{"start":{"line":18,"column":0},"end":{"line":18,"column":36}},"18":{"start":{"line":19,"column":0},"end":{"line":19,"column":30}},"19":{"start":{"line":20,"column":0},"end":{"line":20,"column":20}},"20":{"start":{"line":21,"column":0},"end":{"line":21,"column":28}},"21":{"start":{"line":22,"column":0},"end":{"line":22,"column":24}},"22":{"start":{"line":23,"column":0},"end":{"line":23,"column":31}},"23":{"start":{"line":24,"column":0},"end":{"line":24,"column":29}},"24":{"start":{"line":25,"column":0},"end":{"line":25,"column":17}},"25":{"start":{"line":26,"column":0},"end":{"line":26,"column":30}},"26":{"start":{"line":27,"column":0},"end":{"line":27,"column":29}},"27":{"start":{"line":28,"column":0},"end":{"line":28,"column":13}},"28":{"start":{"line":29,"column":0},"end":{"line":29,"column":65}},"29":{"start":{"line":30,"column":0},"end":{"line":30,"column":9}},"30":{"start":{"line":31,"column":0},"end":{"line":31,"column":49}},"31":{"start":{"line":32,"column":0},"end":{"line":32,"column":22}},"32":{"start":{"line":33,"column":0},"end":{"line":33,"column":53}},"33":{"start":{"line":34,"column":0},"end":{"line":34,"column":7}},"34":{"start":{"line":35,"column":0},"end":{"line":35,"column":5}},"35":{"start":{"line":36,"column":0},"end":{"line":36,"column":1}},"37":{"start":{"line":38,"column":0},"end":{"line":38,"column":41}},"38":{"start":{"line":39,"column":0},"end":{"line":39,"column":28}},"39":{"start":{"line":40,"column":0},"end":{"line":40,"column":29}},"40":{"start":{"line":41,"column":0},"end":{"line":41,"column":41}},"41":{"start":{"line":42,"column":0},"end":{"line":42,"column":26}},"42":{"start":{"line":43,"column":0},"end":{"line":43,"column":31}},"43":{"start":{"line":44,"column":0},"end":{"line":44,"column":29}},"44":{"start":{"line":45,"column":0},"end":{"line":45,"column":56}},"45":{"start":{"line":46,"column":0},"end":{"line":46,"column":22}},"46":{"start":{"line":47,"column":0},"end":{"line":47,"column":26}},"47":{"start":{"line":48,"column":0},"end":{"line":48,"column":33}},"48":{"start":{"line":49,"column":0},"end":{"line":49,"column":78}},"49":{"start":{"line":50,"column":0},"end":{"line":50,"column":61}},"50":{"start":{"line":51,"column":0},"end":{"line":51,"column":55}},"51":{"start":{"line":52,"column":0},"end":{"line":52,"column":26}},"52":{"start":{"line":53,"column":0},"end":{"line":53,"column":24}},"53":{"start":{"line":54,"column":0},"end":{"line":54,"column":11}},"54":{"start":{"line":55,"column":0},"end":{"line":55,"column":9}},"55":{"start":{"line":56,"column":0},"end":{"line":56,"column":7}},"56":{"start":{"line":57,"column":0},"end":{"line":57,"column":57}},"57":{"start":{"line":58,"column":0},"end":{"line":58,"column":22}},"58":{"start":{"line":59,"column":0},"end":{"line":59,"column":20}},"59":{"start":{"line":60,"column":0},"end":{"line":60,"column":7}},"60":{"start":{"line":61,"column":0},"end":{"line":61,"column":5}},"61":{"start":{"line":62,"column":0},"end":{"line":62,"column":1}},"63":{"start":{"line":64,"column":0},"end":{"line":64,"column":29}},"64":{"start":{"line":65,"column":0},"end":{"line":65,"column":16}},"65":{"start":{"line":66,"column":0},"end":{"line":66,"column":17}},"66":{"start":{"line":67,"column":0},"end":{"line":67,"column":13}},"71":{"start":{"line":72,"column":0},"end":{"line":72,"column":26}},"72":{"start":{"line":73,"column":0},"end":{"line":73,"column":3}},"73":{"start":{"line":74,"column":0},"end":{"line":74,"column":65}},"74":{"start":{"line":75,"column":0},"end":{"line":75,"column":12}},"75":{"start":{"line":76,"column":0},"end":{"line":76,"column":32}},"76":{"start":{"line":77,"column":0},"end":{"line":77,"column":25}},"77":{"start":{"line":78,"column":0},"end":{"line":78,"column":31}},"78":{"start":{"line":79,"column":0},"end":{"line":79,"column":52}},"79":{"start":{"line":80,"column":0},"end":{"line":80,"column":27}},"80":{"start":{"line":81,"column":0},"end":{"line":81,"column":16}},"81":{"start":{"line":82,"column":0},"end":{"line":82,"column":74}},"82":{"start":{"line":83,"column":0},"end":{"line":83,"column":12}},"83":{"start":{"line":84,"column":0},"end":{"line":84,"column":8}},"84":{"start":{"line":85,"column":0},"end":{"line":85,"column":6}},"85":{"start":{"line":86,"column":0},"end":{"line":86,"column":3}},"86":{"start":{"line":87,"column":0},"end":{"line":87,"column":38}},"87":{"start":{"line":88,"column":0},"end":{"line":88,"column":66}},"88":{"start":{"line":89,"column":0},"end":{"line":89,"column":3}},"89":{"start":{"line":90,"column":0},"end":{"line":90,"column":35}},"90":{"start":{"line":91,"column":0},"end":{"line":91,"column":1}},"92":{"start":{"line":93,"column":0},"end":{"line":93,"column":44}},"93":{"start":{"line":94,"column":0},"end":{"line":94,"column":30}},"94":{"start":{"line":95,"column":0},"end":{"line":95,"column":28}},"95":{"start":{"line":96,"column":0},"end":{"line":96,"column":25}},"96":{"start":{"line":97,"column":0},"end":{"line":97,"column":13}},"115":{"start":{"line":116,"column":0},"end":{"line":116,"column":3}},"116":{"start":{"line":117,"column":0},"end":{"line":117,"column":19}},"117":{"start":{"line":118,"column":0},"end":{"line":118,"column":51}},"118":{"start":{"line":119,"column":0},"end":{"line":119,"column":29}},"119":{"start":{"line":120,"column":0},"end":{"line":120,"column":34}},"120":{"start":{"line":121,"column":0},"end":{"line":121,"column":25}},"122":{"start":{"line":123,"column":0},"end":{"line":123,"column":29}},"123":{"start":{"line":124,"column":0},"end":{"line":124,"column":17}},"124":{"start":{"line":125,"column":0},"end":{"line":125,"column":30}},"125":{"start":{"line":126,"column":0},"end":{"line":126,"column":29}},"126":{"start":{"line":127,"column":0},"end":{"line":127,"column":13}},"127":{"start":{"line":128,"column":0},"end":{"line":128,"column":28}},"128":{"start":{"line":129,"column":0},"end":{"line":129,"column":21}},"129":{"start":{"line":130,"column":0},"end":{"line":130,"column":60}},"130":{"start":{"line":131,"column":0},"end":{"line":131,"column":25}},"131":{"start":{"line":132,"column":0},"end":{"line":132,"column":29}},"132":{"start":{"line":133,"column":0},"end":{"line":133,"column":21}},"133":{"start":{"line":134,"column":0},"end":{"line":134,"column":18}},"134":{"start":{"line":135,"column":0},"end":{"line":135,"column":34}},"135":{"start":{"line":136,"column":0},"end":{"line":136,"column":10}},"136":{"start":{"line":137,"column":0},"end":{"line":137,"column":9}},"137":{"start":{"line":138,"column":0},"end":{"line":138,"column":49}},"138":{"start":{"line":139,"column":0},"end":{"line":139,"column":22}},"139":{"start":{"line":140,"column":0},"end":{"line":140,"column":26}},"140":{"start":{"line":141,"column":0},"end":{"line":141,"column":55}},"141":{"start":{"line":142,"column":0},"end":{"line":142,"column":33}},"142":{"start":{"line":143,"column":0},"end":{"line":143,"column":38}},"143":{"start":{"line":144,"column":0},"end":{"line":144,"column":19}},"144":{"start":{"line":145,"column":0},"end":{"line":145,"column":16}},"145":{"start":{"line":146,"column":0},"end":{"line":146,"column":34}},"146":{"start":{"line":147,"column":0},"end":{"line":147,"column":8}},"147":{"start":{"line":148,"column":0},"end":{"line":148,"column":7}},"148":{"start":{"line":149,"column":0},"end":{"line":149,"column":5}},"149":{"start":{"line":150,"column":0},"end":{"line":150,"column":1}},"151":{"start":{"line":152,"column":0},"end":{"line":152,"column":31}},"152":{"start":{"line":153,"column":0},"end":{"line":153,"column":54}},"153":{"start":{"line":154,"column":0},"end":{"line":154,"column":15}},"154":{"start":{"line":155,"column":0},"end":{"line":155,"column":3}},"155":{"start":{"line":156,"column":0},"end":{"line":156,"column":19}},"156":{"start":{"line":157,"column":0},"end":{"line":157,"column":18}},"157":{"start":{"line":158,"column":0},"end":{"line":158,"column":26}},"158":{"start":{"line":159,"column":0},"end":{"line":159,"column":15}},"159":{"start":{"line":160,"column":0},"end":{"line":160,"column":35}},"160":{"start":{"line":161,"column":0},"end":{"line":161,"column":15}},"161":{"start":{"line":162,"column":0},"end":{"line":162,"column":35}},"162":{"start":{"line":163,"column":0},"end":{"line":163,"column":18}},"163":{"start":{"line":164,"column":0},"end":{"line":164,"column":60}},"164":{"start":{"line":165,"column":0},"end":{"line":165,"column":12}},"165":{"start":{"line":166,"column":0},"end":{"line":166,"column":3}},"166":{"start":{"line":167,"column":0},"end":{"line":167,"column":1}},"168":{"start":{"line":169,"column":0},"end":{"line":169,"column":46}},"169":{"start":{"line":170,"column":0},"end":{"line":170,"column":54}},"170":{"start":{"line":171,"column":0},"end":{"line":171,"column":28}},"171":{"start":{"line":172,"column":0},"end":{"line":172,"column":24}},"172":{"start":{"line":173,"column":0},"end":{"line":173,"column":32}},"173":{"start":{"line":174,"column":0},"end":{"line":174,"column":44}},"175":{"start":{"line":176,"column":0},"end":{"line":176,"column":29}},"176":{"start":{"line":177,"column":0},"end":{"line":177,"column":64}},"177":{"start":{"line":178,"column":0},"end":{"line":178,"column":76}},"178":{"start":{"line":179,"column":0},"end":{"line":179,"column":7}},"179":{"start":{"line":180,"column":0},"end":{"line":180,"column":49}},"180":{"start":{"line":181,"column":0},"end":{"line":181,"column":22}},"181":{"start":{"line":182,"column":0},"end":{"line":182,"column":62}},"182":{"start":{"line":183,"column":0},"end":{"line":183,"column":7}},"183":{"start":{"line":184,"column":0},"end":{"line":184,"column":5}},"184":{"start":{"line":185,"column":0},"end":{"line":185,"column":1}}},"s":{"0":1,"15":1,"17":1,"18":2,"19":2,"20":2,"21":2,"22":2,"23":2,"24":2,"25":2,"26":2,"27":7,"28":7,"29":2,"30":2,"31":6,"32":6,"33":2,"34":2,"35":2,"37":1,"38":2,"39":2,"40":2,"41":2,"42":2,"43":2,"44":2,"45":15,"46":15,"47":15,"48":5,"49":10,"50":15,"51":15,"52":15,"53":15,"54":15,"55":2,"56":2,"57":7,"58":7,"59":2,"60":2,"61":2,"63":11,"64":11,"65":11,"66":11,"71":11,"72":11,"73":11,"74":5,"75":5,"76":5,"77":5,"78":5,"79":5,"80":15,"81":15,"82":5,"83":5,"84":5,"85":5,"86":11,"87":0,"88":0,"89":6,"90":6,"92":1,"93":2,"94":2,"95":2,"96":2,"115":2,"116":2,"117":2,"118":2,"119":0,"120":2,"122":2,"123":2,"124":2,"125":2,"126":9,"127":9,"128":9,"129":9,"130":9,"131":0,"132":9,"133":9,"134":9,"135":9,"136":2,"137":2,"138":2,"139":2,"140":2,"141":2,"142":0,"143":2,"144":2,"145":2,"146":2,"147":2,"148":2,"149":2,"151":10,"152":10,"153":10,"154":10,"155":10,"156":10,"157":0,"158":10,"159":4,"160":10,"161":6,"162":10,"163":0,"164":10,"165":10,"166":10,"168":1,"169":2,"170":2,"171":2,"172":2,"173":2,"175":2,"176":2,"177":8,"178":2,"179":2,"180":2,"181":2,"182":2,"183":2,"184":2},"branchMap":{"0":{"type":"branch","line":18,"loc":{"start":{"line":18,"column":7},"end":{"line":36,"column":1}},"locations":[{"start":{"line":18,"column":7},"end":{"line":36,"column":1}}]},"1":{"type":"branch","line":27,"loc":{"start":{"line":27,"column":11},"end":{"line":30,"column":7}},"locations":[{"start":{"line":27,"column":11},"end":{"line":30,"column":7}}]},"2":{"type":"branch","line":31,"loc":{"start":{"line":31,"column":42},"end":{"line":34,"column":5}},"locations":[{"start":{"line":31,"column":42},"end":{"line":34,"column":5}}]},"3":{"type":"branch","line":38,"loc":{"start":{"line":38,"column":7},"end":{"line":62,"column":1}},"locations":[{"start":{"line":38,"column":7},"end":{"line":62,"column":1}}]},"4":{"type":"branch","line":45,"loc":{"start":{"line":45,"column":49},"end":{"line":56,"column":5}},"locations":[{"start":{"line":45,"column":49},"end":{"line":56,"column":5}}]},"5":{"type":"branch","line":48,"loc":{"start":{"line":48,"column":12},"end":{"line":49,"column":78}},"locations":[{"start":{"line":48,"column":12},"end":{"line":49,"column":78}}]},"6":{"type":"branch","line":49,"loc":{"start":{"line":49,"column":77},"end":{"line":50,"column":61}},"locations":[{"start":{"line":49,"column":77},"end":{"line":50,"column":61}}]},"7":{"type":"branch","line":49,"loc":{"start":{"line":49,"column":44},"end":{"line":49,"column":77}},"locations":[{"start":{"line":49,"column":44},"end":{"line":49,"column":77}}]},"8":{"type":"branch","line":50,"loc":{"start":{"line":50,"column":36},"end":{"line":50,"column":58}},"locations":[{"start":{"line":50,"column":36},"end":{"line":50,"column":58}}]},"9":{"type":"branch","line":51,"loc":{"start":{"line":51,"column":48},"end":{"line":54,"column":9}},"locations":[{"start":{"line":51,"column":48},"end":{"line":54,"column":9}}]},"10":{"type":"branch","line":57,"loc":{"start":{"line":57,"column":50},"end":{"line":60,"column":5}},"locations":[{"start":{"line":57,"column":50},"end":{"line":60,"column":5}}]},"11":{"type":"branch","line":64,"loc":{"start":{"line":64,"column":0},"end":{"line":91,"column":1}},"locations":[{"start":{"line":64,"column":0},"end":{"line":91,"column":1}}]},"12":{"type":"branch","line":74,"loc":{"start":{"line":74,"column":6},"end":{"line":74,"column":64}},"locations":[{"start":{"line":74,"column":6},"end":{"line":74,"column":64}}]},"13":{"type":"branch","line":74,"loc":{"start":{"line":74,"column":26},"end":{"line":74,"column":64}},"locations":[{"start":{"line":74,"column":26},"end":{"line":74,"column":64}}]},"14":{"type":"branch","line":74,"loc":{"start":{"line":74,"column":64},"end":{"line":86,"column":3}},"locations":[{"start":{"line":74,"column":64},"end":{"line":86,"column":3}}]},"15":{"type":"branch","line":86,"loc":{"start":{"line":86,"column":2},"end":{"line":87,"column":17}},"locations":[{"start":{"line":86,"column":2},"end":{"line":87,"column":17}}]},"16":{"type":"branch","line":87,"loc":{"start":{"line":87,"column":6},"end":{"line":87,"column":37}},"locations":[{"start":{"line":87,"column":6},"end":{"line":87,"column":37}}]},"17":{"type":"branch","line":87,"loc":{"start":{"line":87,"column":37},"end":{"line":89,"column":3}},"locations":[{"start":{"line":87,"column":37},"end":{"line":89,"column":3}}]},"18":{"type":"branch","line":89,"loc":{"start":{"line":89,"column":2},"end":{"line":91,"column":1}},"locations":[{"start":{"line":89,"column":2},"end":{"line":91,"column":1}}]},"19":{"type":"branch","line":79,"loc":{"start":{"line":79,"column":18},"end":{"line":79,"column":51}},"locations":[{"start":{"line":79,"column":18},"end":{"line":79,"column":51}}]},"20":{"type":"branch","line":80,"loc":{"start":{"line":80,"column":15},"end":{"line":83,"column":11}},"locations":[{"start":{"line":80,"column":15},"end":{"line":83,"column":11}}]},"21":{"type":"branch","line":82,"loc":{"start":{"line":82,"column":20},"end":{"line":82,"column":48}},"locations":[{"start":{"line":82,"column":20},"end":{"line":82,"column":48}}]},"22":{"type":"branch","line":82,"loc":{"start":{"line":82,"column":35},"end":{"line":82,"column":74}},"locations":[{"start":{"line":82,"column":35},"end":{"line":82,"column":74}}]},"23":{"type":"branch","line":93,"loc":{"start":{"line":93,"column":7},"end":{"line":150,"column":1}},"locations":[{"start":{"line":93,"column":7},"end":{"line":150,"column":1}}]},"24":{"type":"branch","line":119,"loc":{"start":{"line":119,"column":28},"end":{"line":120,"column":34}},"locations":[{"start":{"line":119,"column":28},"end":{"line":120,"column":34}}]},"25":{"type":"branch","line":126,"loc":{"start":{"line":126,"column":11},"end":{"line":137,"column":7}},"locations":[{"start":{"line":126,"column":11},"end":{"line":137,"column":7}}]},"26":{"type":"branch","line":131,"loc":{"start":{"line":131,"column":20},"end":{"line":132,"column":29}},"locations":[{"start":{"line":131,"column":20},"end":{"line":132,"column":29}}]},"27":{"type":"branch","line":138,"loc":{"start":{"line":138,"column":42},"end":{"line":148,"column":5}},"locations":[{"start":{"line":138,"column":42},"end":{"line":148,"column":5}}]},"28":{"type":"branch","line":142,"loc":{"start":{"line":142,"column":32},"end":{"line":143,"column":38}},"locations":[{"start":{"line":142,"column":32},"end":{"line":143,"column":38}}]},"29":{"type":"branch","line":152,"loc":{"start":{"line":152,"column":0},"end":{"line":167,"column":1}},"locations":[{"start":{"line":152,"column":0},"end":{"line":167,"column":1}}]},"30":{"type":"branch","line":157,"loc":{"start":{"line":157,"column":4},"end":{"line":158,"column":26}},"locations":[{"start":{"line":157,"column":4},"end":{"line":158,"column":26}}]},"31":{"type":"branch","line":159,"loc":{"start":{"line":159,"column":4},"end":{"line":160,"column":35}},"locations":[{"start":{"line":159,"column":4},"end":{"line":160,"column":35}}]},"32":{"type":"branch","line":161,"loc":{"start":{"line":161,"column":4},"end":{"line":162,"column":35}},"locations":[{"start":{"line":161,"column":4},"end":{"line":162,"column":35}}]},"33":{"type":"branch","line":163,"loc":{"start":{"line":163,"column":4},"end":{"line":164,"column":60}},"locations":[{"start":{"line":163,"column":4},"end":{"line":164,"column":60}}]},"34":{"type":"branch","line":165,"loc":{"start":{"line":165,"column":4},"end":{"line":165,"column":12}},"locations":[{"start":{"line":165,"column":4},"end":{"line":165,"column":12}}]},"35":{"type":"branch","line":169,"loc":{"start":{"line":169,"column":7},"end":{"line":185,"column":1}},"locations":[{"start":{"line":169,"column":7},"end":{"line":185,"column":1}}]},"36":{"type":"branch","line":177,"loc":{"start":{"line":177,"column":46},"end":{"line":179,"column":5}},"locations":[{"start":{"line":177,"column":46},"end":{"line":179,"column":5}}]},"37":{"type":"branch","line":180,"loc":{"start":{"line":180,"column":42},"end":{"line":183,"column":5}},"locations":[{"start":{"line":180,"column":42},"end":{"line":183,"column":5}}]}},"b":{"0":[2],"1":[7],"2":[6],"3":[2],"4":[15],"5":[5],"6":[10],"7":[55],"8":[90],"9":[15],"10":[7],"11":[11],"12":[5],"13":[0],"14":[5],"15":[6],"16":[0],"17":[0],"18":[6],"19":[15],"20":[15],"21":[5],"22":[10],"23":[2],"24":[0],"25":[9],"26":[0],"27":[2],"28":[0],"29":[10],"30":[0],"31":[4],"32":[6],"33":[0],"34":[0],"35":[2],"36":[8],"37":[2]},"fnMap":{"0":{"name":"mockShirtSizeObject","decl":{"start":{"line":18,"column":7},"end":{"line":36,"column":1}},"loc":{"start":{"line":18,"column":7},"end":{"line":36,"column":1}},"line":18},"1":{"name":"mockTailwindColorsObject","decl":{"start":{"line":38,"column":7},"end":{"line":62,"column":1}},"loc":{"start":{"line":38,"column":7},"end":{"line":62,"column":1}},"line":38},"2":{"name":"getTailwindFontSize","decl":{"start":{"line":64,"column":0},"end":{"line":91,"column":1}},"loc":{"start":{"line":64,"column":0},"end":{"line":91,"column":1}},"line":64},"3":{"name":"mockTailwindFontSizesObject","decl":{"start":{"line":93,"column":7},"end":{"line":150,"column":1}},"loc":{"start":{"line":93,"column":7},"end":{"line":150,"column":1}},"line":93},"4":{"name":"getTailwindBreakpoint","decl":{"start":{"line":152,"column":0},"end":{"line":167,"column":1}},"loc":{"start":{"line":152,"column":0},"end":{"line":167,"column":1}},"line":152},"5":{"name":"mockTailwindBreakpointsObject","decl":{"start":{"line":169,"column":7},"end":{"line":185,"column":1}},"loc":{"start":{"line":169,"column":7},"end":{"line":185,"column":1}},"line":169}},"f":{"0":2,"1":2,"2":11,"3":2,"4":10,"5":2}}
,"/Users/guidotapia/Documents/OnTheBench/package/mantine-tailwind-adapter/src/get-tailwind-from-mantine/get-tailwind-from-mantine.ts": {"path":"/Users/guidotapia/Documents/OnTheBench/package/mantine-tailwind-adapter/src/get-tailwind-from-mantine/get-tailwind-from-mantine.ts","all":false,"statementMap":{"8":{"start":{"line":9,"column":0},"end":{"line":9,"column":40}},"9":{"start":{"line":10,"column":0},"end":{"line":10,"column":52}},"10":{"start":{"line":11,"column":0},"end":{"line":11,"column":43}},"15":{"start":{"line":16,"column":0},"end":{"line":16,"column":20}},"16":{"start":{"line":17,"column":0},"end":{"line":17,"column":30}},"17":{"start":{"line":18,"column":0},"end":{"line":18,"column":74}},"18":{"start":{"line":19,"column":0},"end":{"line":19,"column":32}},"20":{"start":{"line":21,"column":0},"end":{"line":21,"column":19}},"21":{"start":{"line":22,"column":0},"end":{"line":22,"column":1}},"23":{"start":{"line":24,"column":0},"end":{"line":24,"column":26}},"24":{"start":{"line":25,"column":0},"end":{"line":25,"column":45}},"25":{"start":{"line":26,"column":0},"end":{"line":26,"column":52}},"26":{"start":{"line":27,"column":0},"end":{"line":27,"column":22}},"27":{"start":{"line":28,"column":0},"end":{"line":28,"column":30}},"28":{"start":{"line":29,"column":0},"end":{"line":29,"column":35}},"29":{"start":{"line":30,"column":0},"end":{"line":30,"column":57}},"30":{"start":{"line":31,"column":0},"end":{"line":31,"column":37}},"31":{"start":{"line":32,"column":0},"end":{"line":32,"column":29}},"32":{"start":{"line":33,"column":0},"end":{"line":33,"column":17}},"33":{"start":{"line":34,"column":0},"end":{"line":34,"column":18}},"34":{"start":{"line":35,"column":0},"end":{"line":35,"column":18}},"35":{"start":{"line":36,"column":0},"end":{"line":36,"column":18}},"36":{"start":{"line":37,"column":0},"end":{"line":37,"column":18}},"37":{"start":{"line":38,"column":0},"end":{"line":38,"column":18}},"38":{"start":{"line":39,"column":0},"end":{"line":39,"column":18}},"39":{"start":{"line":40,"column":0},"end":{"line":40,"column":18}},"40":{"start":{"line":41,"column":0},"end":{"line":41,"column":18}},"41":{"start":{"line":42,"column":0},"end":{"line":42,"column":18}},"42":{"start":{"line":43,"column":0},"end":{"line":43,"column":69}},"43":{"start":{"line":44,"column":0},"end":{"line":44,"column":52}},"44":{"start":{"line":45,"column":0},"end":{"line":45,"column":27}},"45":{"start":{"line":46,"column":0},"end":{"line":46,"column":53}},"46":{"start":{"line":47,"column":0},"end":{"line":47,"column":47}},"47":{"start":{"line":48,"column":0},"end":{"line":48,"column":17}},"48":{"start":{"line":49,"column":0},"end":{"line":49,"column":20}},"49":{"start":{"line":50,"column":0},"end":{"line":50,"column":12}},"51":{"start":{"line":52,"column":0},"end":{"line":52,"column":18}},"52":{"start":{"line":53,"column":0},"end":{"line":53,"column":16}},"53":{"start":{"line":54,"column":0},"end":{"line":54,"column":31}},"54":{"start":{"line":55,"column":0},"end":{"line":55,"column":69}},"55":{"start":{"line":56,"column":0},"end":{"line":56,"column":14}},"56":{"start":{"line":57,"column":0},"end":{"line":57,"column":12}},"57":{"start":{"line":58,"column":0},"end":{"line":58,"column":10}},"58":{"start":{"line":59,"column":0},"end":{"line":59,"column":45}},"59":{"start":{"line":60,"column":0},"end":{"line":60,"column":3}},"60":{"start":{"line":61,"column":0},"end":{"line":61,"column":19}},"61":{"start":{"line":62,"column":0},"end":{"line":62,"column":1}},"63":{"start":{"line":64,"column":0},"end":{"line":64,"column":34}},"64":{"start":{"line":65,"column":0},"end":{"line":65,"column":37}},"65":{"start":{"line":66,"column":0},"end":{"line":66,"column":34}},"66":{"start":{"line":67,"column":0},"end":{"line":67,"column":19}},"67":{"start":{"line":68,"column":0},"end":{"line":68,"column":48}},"69":{"start":{"line":70,"column":0},"end":{"line":70,"column":67}},"70":{"start":{"line":71,"column":0},"end":{"line":71,"column":72}},"71":{"start":{"line":72,"column":0},"end":{"line":72,"column":64}},"72":{"start":{"line":73,"column":0},"end":{"line":73,"column":68}},"73":{"start":{"line":74,"column":0},"end":{"line":74,"column":64}},"74":{"start":{"line":75,"column":0},"end":{"line":75,"column":72}},"75":{"start":{"line":76,"column":0},"end":{"line":76,"column":44}},"76":{"start":{"line":77,"column":0},"end":{"line":77,"column":53}},"77":{"start":{"line":78,"column":0},"end":{"line":78,"column":16}},"79":{"start":{"line":80,"column":0},"end":{"line":80,"column":10}},"80":{"start":{"line":81,"column":0},"end":{"line":81,"column":32}},"81":{"start":{"line":82,"column":0},"end":{"line":82,"column":26}},"82":{"start":{"line":83,"column":0},"end":{"line":83,"column":9}},"83":{"start":{"line":84,"column":0},"end":{"line":84,"column":19}},"84":{"start":{"line":85,"column":0},"end":{"line":85,"column":22}},"85":{"start":{"line":86,"column":0},"end":{"line":86,"column":73}},"86":{"start":{"line":87,"column":0},"end":{"line":87,"column":73}},"87":{"start":{"line":88,"column":0},"end":{"line":88,"column":12}},"88":{"start":{"line":89,"column":0},"end":{"line":89,"column":27}},"89":{"start":{"line":90,"column":0},"end":{"line":90,"column":37}},"90":{"start":{"line":91,"column":0},"end":{"line":91,"column":27}},"91":{"start":{"line":92,"column":0},"end":{"line":92,"column":35}},"92":{"start":{"line":93,"column":0},"end":{"line":93,"column":35}},"93":{"start":{"line":94,"column":0},"end":{"line":94,"column":29}},"94":{"start":{"line":95,"column":0},"end":{"line":95,"column":33}},"95":{"start":{"line":96,"column":0},"end":{"line":96,"column":9}},"96":{"start":{"line":97,"column":0},"end":{"line":97,"column":9}},"97":{"start":{"line":98,"column":0},"end":{"line":98,"column":19}},"98":{"start":{"line":99,"column":0},"end":{"line":99,"column":21}},"99":{"start":{"line":100,"column":0},"end":{"line":100,"column":24}},"100":{"start":{"line":101,"column":0},"end":{"line":101,"column":75}},"101":{"start":{"line":102,"column":0},"end":{"line":102,"column":75}},"102":{"start":{"line":103,"column":0},"end":{"line":103,"column":14}},"103":{"start":{"line":104,"column":0},"end":{"line":104,"column":29}},"104":{"start":{"line":105,"column":0},"end":{"line":105,"column":39}},"105":{"start":{"line":106,"column":0},"end":{"line":106,"column":29}},"106":{"start":{"line":107,"column":0},"end":{"line":107,"column":37}},"107":{"start":{"line":108,"column":0},"end":{"line":108,"column":37}},"108":{"start":{"line":109,"column":0},"end":{"line":109,"column":31}},"109":{"start":{"line":110,"column":0},"end":{"line":110,"column":35}},"110":{"start":{"line":111,"column":0},"end":{"line":111,"column":12}},"111":{"start":{"line":112,"column":0},"end":{"line":112,"column":10}},"112":{"start":{"line":113,"column":0},"end":{"line":113,"column":4}},"113":{"start":{"line":114,"column":0},"end":{"line":114,"column":1}}},"s":{"8":1,"9":1,"10":1,"15":1,"16":1,"17":1,"18":1,"20":0,"21":0,"23":1,"24":1,"25":1,"26":1,"27":1,"28":1,"29":1,"30":1,"31":16,"32":16,"33":16,"34":16,"35":16,"36":16,"37":16,"38":16,"39":16,"40":16,"41":16,"42":16,"43":16,"44":16,"45":16,"46":16,"47":16,"48":0,"49":16,"51":16,"52":16,"53":16,"54":16,"55":16,"56":16,"57":1,"58":1,"59":1,"60":0,"61":0,"63":1,"64":0,"65":0,"66":0,"67":0,"69":0,"70":0,"71":0,"72":0,"73":0,"74":0,"75":0,"76":0,"77":0,"79":0,"80":0,"81":0,"82":0,"83":0,"84":0,"85":0,"86":0,"87":0,"88":0,"89":0,"90":0,"91":0,"92":0,"93":0,"94":0,"95":0,"96":0,"97":0,"98":0,"99":0,"100":0,"101":0,"102":0,"103":0,"104":0,"105":0,"106":0,"107":0,"108":0,"109":0,"110":0,"111":0,"112":0,"113":0},"branchMap":{"0":{"type":"branch","line":9,"loc":{"start":{"line":9,"column":7},"end":{"line":22,"column":1}},"locations":[{"start":{"line":9,"column":7},"end":{"line":22,"column":1}}]},"1":{"type":"branch","line":19,"loc":{"start":{"line":19,"column":4},"end":{"line":22,"column":1}},"locations":[{"start":{"line":19,"column":4},"end":{"line":22,"column":1}}]},"2":{"type":"branch","line":18,"loc":{"start":{"line":18,"column":43},"end":{"line":18,"column":73}},"locations":[{"start":{"line":18,"column":43},"end":{"line":18,"column":73}}]},"3":{"type":"branch","line":24,"loc":{"start":{"line":24,"column":7},"end":{"line":62,"column":1}},"locations":[{"start":{"line":24,"column":7},"end":{"line":62,"column":1}}]},"4":{"type":"branch","line":60,"loc":{"start":{"line":60,"column":2},"end":{"line":62,"column":1}},"locations":[{"start":{"line":60,"column":2},"end":{"line":62,"column":1}}]},"5":{"type":"branch","line":30,"loc":{"start":{"line":30,"column":16},"end":{"line":30,"column":56}},"locations":[{"start":{"line":30,"column":16},"end":{"line":30,"column":56}}]},"6":{"type":"branch","line":31,"loc":{"start":{"line":31,"column":13},"end":{"line":58,"column":9}},"locations":[{"start":{"line":31,"column":13},"end":{"line":58,"column":9}}]},"7":{"type":"branch","line":43,"loc":{"start":{"line":43,"column":61},"end":{"line":43,"column":69}},"locations":[{"start":{"line":43,"column":61},"end":{"line":43,"column":69}}]},"8":{"type":"branch","line":48,"loc":{"start":{"line":48,"column":16},"end":{"line":49,"column":20}},"locations":[{"start":{"line":48,"column":16},"end":{"line":49,"column":20}}]},"9":{"type":"branch","line":47,"loc":{"start":{"line":47,"column":18},"end":{"line":47,"column":47}},"locations":[{"start":{"line":47,"column":18},"end":{"line":47,"column":47}}]},"10":{"type":"branch","line":55,"loc":{"start":{"line":55,"column":28},"end":{"line":55,"column":68}},"locations":[{"start":{"line":55,"column":28},"end":{"line":55,"column":68}}]}},"b":{"0":[1],"1":[0],"2":[8],"3":[1],"4":[0],"5":[16],"6":[16],"7":[0],"8":[0],"9":[16],"10":[192]},"fnMap":{"0":{"name":"objectMantineToTailwind","decl":{"start":{"line":9,"column":7},"end":{"line":22,"column":1}},"loc":{"start":{"line":9,"column":7},"end":{"line":22,"column":1}},"line":9},"1":{"name":"getColors","decl":{"start":{"line":24,"column":7},"end":{"line":62,"column":1}},"loc":{"start":{"line":24,"column":7},"end":{"line":62,"column":1}},"line":24},"2":{"name":"getTailwindConfig","decl":{"start":{"line":64,"column":7},"end":{"line":114,"column":1}},"loc":{"start":{"line":64,"column":7},"end":{"line":114,"column":1}},"line":64}},"f":{"0":1,"1":1,"2":0}}
,"/Users/guidotapia/Documents/OnTheBench/package/mantine-tailwind-adapter/src/get-tailwind-from-mantine/mantine-config.mocked.ts": {"path":"/Users/guidotapia/Documents/OnTheBench/package/mantine-tailwind-adapter/src/get-tailwind-from-mantine/mantine-config.mocked.ts","all":false,"statementMap":{"0":{"start":{"line":1,"column":0},"end":{"line":1,"column":8}},"17":{"start":{"line":18,"column":0},"end":{"line":18,"column":31}},"19":{"start":{"line":20,"column":0},"end":{"line":20,"column":23}},"20":{"start":{"line":21,"column":0},"end":{"line":21,"column":9}},"21":{"start":{"line":22,"column":0},"end":{"line":22,"column":9}},"22":{"start":{"line":23,"column":0},"end":{"line":23,"column":8}},"23":{"start":{"line":24,"column":0},"end":{"line":24,"column":9}},"24":{"start":{"line":25,"column":0},"end":{"line":25,"column":10}},"25":{"start":{"line":26,"column":0},"end":{"line":26,"column":11}},"26":{"start":{"line":27,"column":0},"end":{"line":27,"column":11}},"27":{"start":{"line":28,"column":0},"end":{"line":28,"column":9}},"28":{"start":{"line":29,"column":0},"end":{"line":29,"column":9}},"29":{"start":{"line":30,"column":0},"end":{"line":30,"column":10}},"30":{"start":{"line":31,"column":0},"end":{"line":31,"column":9}},"31":{"start":{"line":32,"column":0},"end":{"line":32,"column":11}},"32":{"start":{"line":33,"column":0},"end":{"line":33,"column":11}},"33":{"start":{"line":34,"column":0},"end":{"line":34,"column":9}},"34":{"start":{"line":35,"column":0},"end":{"line":35,"column":2}},"36":{"start":{"line":37,"column":0},"end":{"line":37,"column":54}},"37":{"start":{"line":38,"column":0},"end":{"line":38,"column":30}},"38":{"start":{"line":39,"column":0},"end":{"line":39,"column":20}},"39":{"start":{"line":40,"column":0},"end":{"line":40,"column":28}},"40":{"start":{"line":41,"column":0},"end":{"line":41,"column":24}},"41":{"start":{"line":42,"column":0},"end":{"line":42,"column":38}},"42":{"start":{"line":43,"column":0},"end":{"line":43,"column":29}},"43":{"start":{"line":44,"column":0},"end":{"line":44,"column":17}},"44":{"start":{"line":45,"column":0},"end":{"line":45,"column":30}},"45":{"start":{"line":46,"column":0},"end":{"line":46,"column":29}},"46":{"start":{"line":47,"column":0},"end":{"line":47,"column":13}},"47":{"start":{"line":48,"column":0},"end":{"line":48,"column":65}},"48":{"start":{"line":49,"column":0},"end":{"line":49,"column":9}},"49":{"start":{"line":50,"column":0},"end":{"line":50,"column":49}},"50":{"start":{"line":51,"column":0},"end":{"line":51,"column":22}},"51":{"start":{"line":52,"column":0},"end":{"line":52,"column":53}},"52":{"start":{"line":53,"column":0},"end":{"line":53,"column":7}},"53":{"start":{"line":54,"column":0},"end":{"line":54,"column":5}},"54":{"start":{"line":55,"column":0},"end":{"line":55,"column":1}},"56":{"start":{"line":57,"column":0},"end":{"line":57,"column":40}},"57":{"start":{"line":58,"column":0},"end":{"line":58,"column":37}},"58":{"start":{"line":59,"column":0},"end":{"line":59,"column":24}},"59":{"start":{"line":60,"column":0},"end":{"line":60,"column":61}},"60":{"start":{"line":61,"column":0},"end":{"line":61,"column":29}},"61":{"start":{"line":62,"column":0},"end":{"line":62,"column":37}},"62":{"start":{"line":63,"column":0},"end":{"line":63,"column":12}},"63":{"start":{"line":64,"column":0},"end":{"line":64,"column":79}},"64":{"start":{"line":65,"column":0},"end":{"line":65,"column":7}},"65":{"start":{"line":66,"column":0},"end":{"line":66,"column":49}},"66":{"start":{"line":67,"column":0},"end":{"line":67,"column":22}},"67":{"start":{"line":68,"column":0},"end":{"line":68,"column":79}},"68":{"start":{"line":69,"column":0},"end":{"line":69,"column":7}},"69":{"start":{"line":70,"column":0},"end":{"line":70,"column":5}},"70":{"start":{"line":71,"column":0},"end":{"line":71,"column":1}}},"s":{"0":1,"17":1,"19":1,"20":1,"21":1,"22":1,"23":1,"24":1,"25":1,"26":1,"27":1,"28":1,"29":1,"30":1,"31":1,"32":1,"33":1,"34":1,"36":1,"37":1,"38":1,"39":1,"40":1,"41":1,"42":1,"43":1,"44":1,"45":1,"46":5,"47":5,"48":1,"49":1,"50":3,"51":3,"52":1,"53":1,"54":1,"56":1,"57":1,"58":1,"59":1,"60":1,"61":1,"62":14,"63":14,"64":1,"65":1,"66":2,"67":2,"68":1,"69":1,"70":1},"branchMap":{"0":{"type":"branch","line":37,"loc":{"start":{"line":37,"column":7},"end":{"line":55,"column":1}},"locations":[{"start":{"line":37,"column":7},"end":{"line":55,"column":1}}]},"1":{"type":"branch","line":46,"loc":{"start":{"line":46,"column":11},"end":{"line":49,"column":7}},"locations":[{"start":{"line":46,"column":11},"end":{"line":49,"column":7}}]},"2":{"type":"branch","line":50,"loc":{"start":{"line":50,"column":42},"end":{"line":53,"column":5}},"locations":[{"start":{"line":50,"column":42},"end":{"line":53,"column":5}}]},"3":{"type":"branch","line":57,"loc":{"start":{"line":57,"column":7},"end":{"line":71,"column":1}},"locations":[{"start":{"line":57,"column":7},"end":{"line":71,"column":1}}]},"4":{"type":"branch","line":62,"loc":{"start":{"line":62,"column":25},"end":{"line":65,"column":5}},"locations":[{"start":{"line":62,"column":25},"end":{"line":65,"column":5}}]},"5":{"type":"branch","line":64,"loc":{"start":{"line":64,"column":58},"end":{"line":64,"column":77}},"locations":[{"start":{"line":64,"column":58},"end":{"line":64,"column":77}}]},"6":{"type":"branch","line":66,"loc":{"start":{"line":66,"column":42},"end":{"line":69,"column":5}},"locations":[{"start":{"line":66,"column":42},"end":{"line":69,"column":5}}]},"7":{"type":"branch","line":68,"loc":{"start":{"line":68,"column":58},"end":{"line":68,"column":77}},"locations":[{"start":{"line":68,"column":58},"end":{"line":68,"column":77}}]}},"b":{"0":[1],"1":[5],"2":[3],"3":[1],"4":[14],"5":[168],"6":[2],"7":[24]},"fnMap":{"0":{"name":"mockShirtSizeObject","decl":{"start":{"line":37,"column":7},"end":{"line":55,"column":1}},"loc":{"start":{"line":37,"column":7},"end":{"line":55,"column":1}},"line":37},"1":{"name":"mockMantineColorsObject","decl":{"start":{"line":57,"column":7},"end":{"line":71,"column":1}},"loc":{"start":{"line":57,"column":7},"end":{"line":71,"column":1}},"line":57}},"f":{"0":1,"1":1}}
,"/Users/guidotapia/Documents/OnTheBench/package/mantine-tailwind-adapter/src/shared/mocked-data.ts": {"path":"/Users/guidotapia/Documents/OnTheBench/package/mantine-tailwind-adapter/src/shared/mocked-data.ts","all":false,"statementMap":{"2":{"start":{"line":3,"column":0},"end":{"line":3,"column":27}},"3":{"start":{"line":4,"column":0},"end":{"line":4,"column":7}},"4":{"start":{"line":5,"column":0},"end":{"line":5,"column":7}},"5":{"start":{"line":6,"column":0},"end":{"line":6,"column":7}},"6":{"start":{"line":7,"column":0},"end":{"line":7,"column":7}},"7":{"start":{"line":8,"column":0},"end":{"line":8,"column":7}},"8":{"start":{"line":9,"column":0},"end":{"line":9,"column":8}},"9":{"start":{"line":10,"column":0},"end":{"line":10,"column":8}},"10":{"start":{"line":11,"column":0},"end":{"line":11,"column":8}},"11":{"start":{"line":12,"column":0},"end":{"line":12,"column":8}},"12":{"start":{"line":13,"column":0},"end":{"line":13,"column":2}},"13":{"start":{"line":14,"column":0},"end":{"line":14,"column":36}},"14":{"start":{"line":15,"column":0},"end":{"line":15,"column":8}},"15":{"start":{"line":16,"column":0},"end":{"line":16,"column":8}},"16":{"start":{"line":17,"column":0},"end":{"line":17,"column":8}},"17":{"start":{"line":18,"column":0},"end":{"line":18,"column":8}},"18":{"start":{"line":19,"column":0},"end":{"line":19,"column":8}},"19":{"start":{"line":20,"column":0},"end":{"line":20,"column":8}},"20":{"start":{"line":21,"column":0},"end":{"line":21,"column":8}},"21":{"start":{"line":22,"column":0},"end":{"line":22,"column":8}},"22":{"start":{"line":23,"column":0},"end":{"line":23,"column":8}},"23":{"start":{"line":24,"column":0},"end":{"line":24,"column":2}},"25":{"start":{"line":26,"column":0},"end":{"line":26,"column":44}},"26":{"start":{"line":27,"column":0},"end":{"line":27,"column":7}},"27":{"start":{"line":28,"column":0},"end":{"line":28,"column":25}},"28":{"start":{"line":29,"column":0},"end":{"line":29,"column":8}},"29":{"start":{"line":30,"column":0},"end":{"line":30,"column":2}},"33":{"start":{"line":34,"column":0},"end":{"line":34,"column":67}},"34":{"start":{"line":35,"column":0},"end":{"line":35,"column":39}},"35":{"start":{"line":36,"column":0},"end":{"line":36,"column":39}},"37":{"start":{"line":38,"column":0},"end":{"line":38,"column":55}},"38":{"start":{"line":39,"column":0},"end":{"line":39,"column":1}},"40":{"start":{"line":41,"column":0},"end":{"line":41,"column":61}},"41":{"start":{"line":42,"column":0},"end":{"line":42,"column":17}},"42":{"start":{"line":43,"column":0},"end":{"line":43,"column":19}},"43":{"start":{"line":44,"column":0},"end":{"line":44,"column":19}},"44":{"start":{"line":45,"column":0},"end":{"line":45,"column":14}},"45":{"start":{"line":46,"column":0},"end":{"line":46,"column":26}},"46":{"start":{"line":47,"column":0},"end":{"line":47,"column":15}},"47":{"start":{"line":48,"column":0},"end":{"line":48,"column":27}},"48":{"start":{"line":49,"column":0},"end":{"line":49,"column":14}},"49":{"start":{"line":50,"column":0},"end":{"line":50,"column":26}},"50":{"start":{"line":51,"column":0},"end":{"line":51,"column":12}},"51":{"start":{"line":52,"column":0},"end":{"line":52,"column":19}},"52":{"start":{"line":53,"column":0},"end":{"line":53,"column":3}},"53":{"start":{"line":54,"column":0},"end":{"line":54,"column":1}},"55":{"start":{"line":56,"column":0},"end":{"line":56,"column":52}},"56":{"start":{"line":57,"column":0},"end":{"line":57,"column":44}},"57":{"start":{"line":58,"column":0},"end":{"line":58,"column":20}},"58":{"start":{"line":59,"column":0},"end":{"line":59,"column":29}},"59":{"start":{"line":60,"column":0},"end":{"line":60,"column":57}},"60":{"start":{"line":61,"column":0},"end":{"line":61,"column":11}},"61":{"start":{"line":62,"column":0},"end":{"line":62,"column":1}},"63":{"start":{"line":64,"column":0},"end":{"line":64,"column":31}},"64":{"start":{"line":65,"column":0},"end":{"line":65,"column":35}},"65":{"start":{"line":66,"column":0},"end":{"line":66,"column":24}},"66":{"start":{"line":67,"column":0},"end":{"line":67,"column":18}},"67":{"start":{"line":68,"column":0},"end":{"line":68,"column":57}},"68":{"start":{"line":69,"column":0},"end":{"line":69,"column":13}},"69":{"start":{"line":70,"column":0},"end":{"line":70,"column":1}}},"s":{"2":1,"3":1,"4":1,"5":1,"6":1,"7":1,"8":1,"9":1,"10":1,"11":1,"12":1,"13":1,"14":1,"15":1,"16":1,"17":1,"18":1,"19":1,"20":1,"21":1,"22":1,"23":1,"25":1,"26":1,"27":1,"28":1,"29":1,"33":1,"34":19,"35":19,"37":19,"38":19,"40":1,"41":42,"42":42,"43":21,"44":42,"45":21,"46":42,"47":0,"48":42,"49":0,"50":42,"51":0,"52":42,"53":42,"55":1,"56":52,"57":52,"58":52,"59":52,"60":52,"61":52,"63":1,"64":269,"65":269,"66":269,"67":269,"68":269,"69":269},"branchMap":{"0":{"type":"branch","line":34,"loc":{"start":{"line":34,"column":7},"end":{"line":39,"column":1}},"locations":[{"start":{"line":34,"column":7},"end":{"line":39,"column":1}}]},"1":{"type":"branch","line":41,"loc":{"start":{"line":41,"column":7},"end":{"line":54,"column":1}},"locations":[{"start":{"line":41,"column":7},"end":{"line":54,"column":1}}]},"2":{"type":"branch","line":43,"loc":{"start":{"line":43,"column":4},"end":{"line":44,"column":19}},"locations":[{"start":{"line":43,"column":4},"end":{"line":44,"column":19}}]},"3":{"type":"branch","line":45,"loc":{"start":{"line":45,"column":4},"end":{"line":46,"column":26}},"locations":[{"start":{"line":45,"column":4},"end":{"line":46,"column":26}}]},"4":{"type":"branch","line":47,"loc":{"start":{"line":47,"column":4},"end":{"line":48,"column":27}},"locations":[{"start":{"line":47,"column":4},"end":{"line":48,"column":27}}]},"5":{"type":"branch","line":49,"loc":{"start":{"line":49,"column":4},"end":{"line":50,"column":26}},"locations":[{"start":{"line":49,"column":4},"end":{"line":50,"column":26}}]},"6":{"type":"branch","line":51,"loc":{"start":{"line":51,"column":4},"end":{"line":52,"column":19}},"locations":[{"start":{"line":51,"column":4},"end":{"line":52,"column":19}}]},"7":{"type":"branch","line":56,"loc":{"start":{"line":56,"column":7},"end":{"line":62,"column":1}},"locations":[{"start":{"line":56,"column":7},"end":{"line":62,"column":1}}]},"8":{"type":"branch","line":60,"loc":{"start":{"line":60,"column":4},"end":{"line":60,"column":57}},"locations":[{"start":{"line":60,"column":4},"end":{"line":60,"column":57}}]},"9":{"type":"branch","line":64,"loc":{"start":{"line":64,"column":7},"end":{"line":70,"column":1}},"locations":[{"start":{"line":64,"column":7},"end":{"line":70,"column":1}}]},"10":{"type":"branch","line":68,"loc":{"start":{"line":68,"column":4},"end":{"line":68,"column":57}},"locations":[{"start":{"line":68,"column":4},"end":{"line":68,"column":57}}]}},"b":{"0":[19],"1":[42],"2":[21],"3":[21],"4":[0],"5":[0],"6":[0],"7":[52],"8":[416],"9":[269],"10":[1614]},"fnMap":{"0":{"name":"randomInteger","decl":{"start":{"line":34,"column":7},"end":{"line":39,"column":1}},"loc":{"start":{"line":34,"column":7},"end":{"line":39,"column":1}},"line":34},"1":{"name":"formatToUnit","decl":{"start":{"line":41,"column":7},"end":{"line":54,"column":1}},"loc":{"start":{"line":41,"column":7},"end":{"line":54,"column":1}},"line":41},"2":{"name":"randomString","decl":{"start":{"line":56,"column":7},"end":{"line":62,"column":1}},"loc":{"start":{"line":56,"column":7},"end":{"line":62,"column":1}},"line":56},"3":{"name":"randomColor","decl":{"start":{"line":64,"column":7},"end":{"line":70,"column":1}},"loc":{"start":{"line":64,"column":7},"end":{"line":70,"column":1}},"line":64}},"f":{"0":19,"1":42,"2":52,"3":269}}
}
